{"C:\\Users\\Wilber\\Documents\\Programación\\Javascrip\\challengeJavascript_Alkemy\\challengeJavascript_Alkemy\\models\\User.js": {"path":"C:\\Users\\Wilber\\Documents\\Programación\\Javascrip\\challengeJavascript_Alkemy\\challengeJavascript_Alkemy\\models\\User.js","statementMap":{"0":{"start":{"line":10,"column":8},"end":{"line":10,"column":35}},"1":{"start":{"line":11,"column":8},"end":{"line":11,"column":33}},"2":{"start":{"line":12,"column":8},"end":{"line":12,"column":37}},"3":{"start":{"line":13,"column":8},"end":{"line":13,"column":35}},"4":{"start":{"line":14,"column":8},"end":{"line":14,"column":27}},"5":{"start":{"line":15,"column":8},"end":{"line":15,"column":35}},"6":{"start":{"line":21,"column":0},"end":{"line":21,"column":22}}},"fnMap":{"0":{"name":"(anonymous_0)","decl":{"start":{"line":9,"column":4},"end":{"line":9,"column":5}},"loc":{"start":{"line":9,"column":73},"end":{"line":17,"column":5}},"line":9}},"branchMap":{},"s":{"0":1,"1":1,"2":1,"3":1,"4":1,"5":1,"6":1},"f":{"0":1},"b":{},"_coverageSchema":"1a1c01bbd47fc00a2c39e90264f33305004495a9","hash":"469ef22110537077f321ce3c987b5bc8441c75aa"}
,"C:\\Users\\Wilber\\Documents\\Programación\\Javascrip\\challengeJavascript_Alkemy\\challengeJavascript_Alkemy\\services\\UserService.js": {"path":"C:\\Users\\Wilber\\Documents\\Programación\\Javascrip\\challengeJavascript_Alkemy\\challengeJavascript_Alkemy\\services\\UserService.js","statementMap":{"0":{"start":{"line":7,"column":8},"end":{"line":7,"column":21}},"1":{"start":{"line":8,"column":8},"end":{"line":8,"column":25}},"2":{"start":{"line":21,"column":8},"end":{"line":21,"column":20}},"3":{"start":{"line":24,"column":8},"end":{"line":24,"column":20}},"4":{"start":{"line":27,"column":8},"end":{"line":27,"column":20}},"5":{"start":{"line":34,"column":2},"end":{"line":34,"column":35}}},"fnMap":{"0":{"name":"(anonymous_0)","decl":{"start":{"line":6,"column":4},"end":{"line":6,"column":5}},"loc":{"start":{"line":6,"column":26},"end":{"line":9,"column":5}},"line":6},"1":{"name":"(anonymous_1)","decl":{"start":{"line":11,"column":4},"end":{"line":11,"column":5}},"loc":{"start":{"line":11,"column":23},"end":{"line":18,"column":5}},"line":11},"2":{"name":"(anonymous_2)","decl":{"start":{"line":20,"column":4},"end":{"line":20,"column":5}},"loc":{"start":{"line":20,"column":23},"end":{"line":22,"column":5}},"line":20},"3":{"name":"(anonymous_3)","decl":{"start":{"line":23,"column":4},"end":{"line":23,"column":5}},"loc":{"start":{"line":23,"column":23},"end":{"line":25,"column":5}},"line":23},"4":{"name":"(anonymous_4)","decl":{"start":{"line":26,"column":4},"end":{"line":26,"column":5}},"loc":{"start":{"line":26,"column":23},"end":{"line":28,"column":5}},"line":26}},"branchMap":{},"s":{"0":1,"1":1,"2":0,"3":0,"4":0,"5":1},"f":{"0":1,"1":0,"2":0,"3":0,"4":0},"b":{},"_coverageSchema":"1a1c01bbd47fc00a2c39e90264f33305004495a9","hash":"c571230b42efb666d9314f4fc5d4d54e4848ca97"}
,"C:\\Users\\Wilber\\Documents\\Programación\\Javascrip\\challengeJavascript_Alkemy\\challengeJavascript_Alkemy\\test\\dbTest.js": {"path":"C:\\Users\\Wilber\\Documents\\Programación\\Javascrip\\challengeJavascript_Alkemy\\challengeJavascript_Alkemy\\test\\dbTest.js","statementMap":{"0":{"start":{"line":1,"column":14},"end":{"line":1,"column":30}},"1":{"start":{"line":2,"column":18},"end":{"line":2,"column":48}},"2":{"start":{"line":5,"column":13},"end":{"line":64,"column":1}},"3":{"start":{"line":17,"column":8},"end":{"line":61,"column":6}},"4":{"start":{"line":19,"column":26},"end":{"line":19,"column":70}},"5":{"start":{"line":20,"column":27},"end":{"line":20,"column":239}},"6":{"start":{"line":21,"column":27},"end":{"line":21,"column":307}},"7":{"start":{"line":22,"column":32},"end":{"line":22,"column":277}},"8":{"start":{"line":23,"column":31},"end":{"line":23,"column":234}},"9":{"start":{"line":25,"column":8},"end":{"line":25,"column":27}},"10":{"start":{"line":25,"column":17},"end":{"line":25,"column":27}},"11":{"start":{"line":28,"column":8},"end":{"line":31,"column":11}},"12":{"start":{"line":29,"column":12},"end":{"line":29,"column":31}},"13":{"start":{"line":29,"column":21},"end":{"line":29,"column":31}},"14":{"start":{"line":30,"column":12},"end":{"line":30,"column":24}},"15":{"start":{"line":32,"column":8},"end":{"line":35,"column":11}},"16":{"start":{"line":34,"column":12},"end":{"line":34,"column":30}},"17":{"start":{"line":34,"column":20},"end":{"line":34,"column":30}},"18":{"start":{"line":38,"column":8},"end":{"line":42,"column":11}},"19":{"start":{"line":39,"column":12},"end":{"line":39,"column":30}},"20":{"start":{"line":39,"column":20},"end":{"line":39,"column":30}},"21":{"start":{"line":40,"column":12},"end":{"line":40,"column":24}},"22":{"start":{"line":44,"column":8},"end":{"line":48,"column":11}},"23":{"start":{"line":45,"column":12},"end":{"line":45,"column":30}},"24":{"start":{"line":45,"column":20},"end":{"line":45,"column":30}},"25":{"start":{"line":50,"column":8},"end":{"line":54,"column":11}},"26":{"start":{"line":51,"column":12},"end":{"line":51,"column":30}},"27":{"start":{"line":51,"column":20},"end":{"line":51,"column":30}},"28":{"start":{"line":56,"column":8},"end":{"line":60,"column":11}},"29":{"start":{"line":57,"column":12},"end":{"line":57,"column":30}},"30":{"start":{"line":57,"column":20},"end":{"line":57,"column":30}},"31":{"start":{"line":66,"column":0},"end":{"line":66,"column":24}}},"fnMap":{"0":{"name":"(anonymous_0)","decl":{"start":{"line":15,"column":4},"end":{"line":15,"column":5}},"loc":{"start":{"line":15,"column":19},"end":{"line":63,"column":5}},"line":15},"1":{"name":"(anonymous_1)","decl":{"start":{"line":17,"column":24},"end":{"line":17,"column":25}},"loc":{"start":{"line":17,"column":31},"end":{"line":61,"column":5}},"line":17},"2":{"name":"(anonymous_2)","decl":{"start":{"line":28,"column":35},"end":{"line":28,"column":36}},"loc":{"start":{"line":28,"column":51},"end":{"line":31,"column":9}},"line":28},"3":{"name":"(anonymous_3)","decl":{"start":{"line":33,"column":41},"end":{"line":33,"column":42}},"loc":{"start":{"line":33,"column":48},"end":{"line":35,"column":9}},"line":33},"4":{"name":"(anonymous_4)","decl":{"start":{"line":38,"column":36},"end":{"line":38,"column":37}},"loc":{"start":{"line":38,"column":52},"end":{"line":42,"column":9}},"line":38},"5":{"name":"(anonymous_5)","decl":{"start":{"line":44,"column":36},"end":{"line":44,"column":37}},"loc":{"start":{"line":44,"column":52},"end":{"line":48,"column":9}},"line":44},"6":{"name":"(anonymous_6)","decl":{"start":{"line":50,"column":41},"end":{"line":50,"column":42}},"loc":{"start":{"line":50,"column":57},"end":{"line":54,"column":9}},"line":50},"7":{"name":"(anonymous_7)","decl":{"start":{"line":56,"column":40},"end":{"line":56,"column":41}},"loc":{"start":{"line":56,"column":56},"end":{"line":60,"column":9}},"line":56}},"branchMap":{"0":{"loc":{"start":{"line":25,"column":8},"end":{"line":25,"column":27}},"type":"if","locations":[{"start":{"line":25,"column":8},"end":{"line":25,"column":27}},{"start":{"line":25,"column":8},"end":{"line":25,"column":27}}],"line":25},"1":{"loc":{"start":{"line":29,"column":12},"end":{"line":29,"column":31}},"type":"if","locations":[{"start":{"line":29,"column":12},"end":{"line":29,"column":31}},{"start":{"line":29,"column":12},"end":{"line":29,"column":31}}],"line":29},"2":{"loc":{"start":{"line":34,"column":12},"end":{"line":34,"column":30}},"type":"if","locations":[{"start":{"line":34,"column":12},"end":{"line":34,"column":30}},{"start":{"line":34,"column":12},"end":{"line":34,"column":30}}],"line":34},"3":{"loc":{"start":{"line":39,"column":12},"end":{"line":39,"column":30}},"type":"if","locations":[{"start":{"line":39,"column":12},"end":{"line":39,"column":30}},{"start":{"line":39,"column":12},"end":{"line":39,"column":30}}],"line":39},"4":{"loc":{"start":{"line":45,"column":12},"end":{"line":45,"column":30}},"type":"if","locations":[{"start":{"line":45,"column":12},"end":{"line":45,"column":30}},{"start":{"line":45,"column":12},"end":{"line":45,"column":30}}],"line":45},"5":{"loc":{"start":{"line":51,"column":12},"end":{"line":51,"column":30}},"type":"if","locations":[{"start":{"line":51,"column":12},"end":{"line":51,"column":30}},{"start":{"line":51,"column":12},"end":{"line":51,"column":30}}],"line":51},"6":{"loc":{"start":{"line":57,"column":12},"end":{"line":57,"column":30}},"type":"if","locations":[{"start":{"line":57,"column":12},"end":{"line":57,"column":30}},{"start":{"line":57,"column":12},"end":{"line":57,"column":30}}],"line":57}},"s":{"0":1,"1":1,"2":1,"3":1,"4":0,"5":0,"6":0,"7":0,"8":0,"9":0,"10":0,"11":0,"12":0,"13":0,"14":0,"15":0,"16":0,"17":0,"18":0,"19":0,"20":0,"21":0,"22":0,"23":0,"24":0,"25":0,"26":0,"27":0,"28":0,"29":0,"30":0,"31":1},"f":{"0":1,"1":0,"2":0,"3":0,"4":0,"5":0,"6":0,"7":0},"b":{"0":[0,0],"1":[0,0],"2":[0,0],"3":[0,0],"4":[0,0],"5":[0,0],"6":[0,0]},"_coverageSchema":"1a1c01bbd47fc00a2c39e90264f33305004495a9","hash":"137f236258c4851c9597bae3a30029c1c22e9615"}
}
